<?xml version="1.0" encoding="UTF-8"?>
<!-- Generated by org.testng.reporters.JUnitReportReporter -->
<testsuite skipped="0" hostname="SKURADAGI6430" name="com.target.metrotransit.casestudy.controller.MetroTransitControllerTest" tests="2" failures="0" timestamp="06 Aug 2018 08:55:12 GMT" time="0.419" errors="0">
  <testcase name="getWaitingTimeTest" time="0.369" classname="com.target.metrotransit.casestudy.controller.MetroTransitControllerTest"/>
  <testcase name="getWaitingTimeWithExceptionTest" time="0.050" classname="com.target.metrotransit.casestudy.controller.MetroTransitControllerTest"/>
</testsuite> <!-- com.target.metrotransit.casestudy.controller.MetroTransitControllerTest -->
