<?xml version="1.0" encoding="UTF-8"?>
<!-- Generated by org.testng.reporters.JUnitReportReporter -->
<testsuite skipped="0" hostname="SKURADAGI6430" name="com.target.metrotransit.casestudy.controller.MetroTransitControllerTest" tests="1" failures="0" timestamp="06 Aug 2018 10:37:03 GMT" time="0.129" errors="0">
  <testcase name="getWaitingTimeTest" time="0.129" classname="com.target.metrotransit.casestudy.controller.MetroTransitControllerTest"/>
</testsuite> <!-- com.target.metrotransit.casestudy.controller.MetroTransitControllerTest -->
