<?xml version="1.0" encoding="UTF-8"?>
<!-- Generated by org.testng.reporters.JUnitReportReporter -->
<testsuite skipped="0" hostname="SKURADAGI6430" name="com.target.metrotransit.metrotransitCaseStudy.controller.MetroTransitControllerTest" tests="1" failures="0" timestamp="06 Aug 2018 04:34:11 GMT" time="1.398" errors="1">
  <testcase name="getWaitingTimeTest" time="1.398" classname="com.target.metrotransit.metrotransitCaseStudy.controller.MetroTransitControllerTest">
    <error type="mockit.internal.expectations.invocation.MissingInvocation" message="Missing 1 invocation to:
com.target.metrotransit.metrotransitCaseStudy.helper.MetroTrainsitHelper#getStop(any String, any String, any String)
   on mock instance: com.target.metrotransit.metrotransitCaseStudy.helper.MetroTrainsitHelper@cb0ed20">
      <![CDATA[Missing 1 invocation to:
com.target.metrotransit.metrotransitCaseStudy.helper.MetroTrainsitHelper#getStop(any String, any String, any String)
   on mock instance: com.target.metrotransit.metrotransitCaseStudy.helper.MetroTrainsitHelper@cb0ed20
Caused by: Missing invocations
	at com.target.metrotransit.metrotransitCaseStudy.helper.MetroTrainsitHelper.getStop(MetroTrainsitHelper.java)
	at com.target.metrotransit.metrotransitCaseStudy.controller.MetroTransitControllerTest$1.<init>(MetroTransitControllerTest.java:30)
	at com.target.metrotransit.metrotransitCaseStudy.controller.MetroTransitControllerTest.getWaitingTimeTest(MetroTransitControllerTest.java:24)
]]>
    </error>
  </testcase> <!-- getWaitingTimeTest -->
</testsuite> <!-- com.target.metrotransit.metrotransitCaseStudy.controller.MetroTransitControllerTest -->
