<?xml version="1.0" encoding="UTF-8"?>
<!-- Generated by org.testng.reporters.JUnitReportReporter -->
<testsuite skipped="0" hostname="SKURADAGI6430" name="com.target.metrotransit.metrotransitCaseStudy.helper.MetroTrainsitHelperTest" tests="1" failures="0" timestamp="05 Aug 2018 19:00:13 GMT" time="0.561" errors="0">
  <testcase name="toJsonTest" time="0.561" classname="com.target.metrotransit.metrotransitCaseStudy.helper.MetroTrainsitHelperTest"/>
</testsuite> <!-- com.target.metrotransit.metrotransitCaseStudy.helper.MetroTrainsitHelperTest -->
