<?xml version="1.0" encoding="UTF-8"?>
<!-- Generated by org.testng.reporters.JUnitReportReporter -->
<testsuite skipped="0" hostname="SKURADAGI6430" name="com.target.metrotransit.casestudy.helper.MetroTransitHelperTest" tests="13" failures="0" timestamp="06 Aug 2018 08:55:12 GMT" time="1.770" errors="0">
  <testcase name="getWaitTimeInMinutesTest" time="0.879" classname="com.target.metrotransit.casestudy.helper.MetroTransitHelperTest"/>
  <testcase name="isValidDirectionTest" time="0.085" classname="com.target.metrotransit.casestudy.helper.MetroTransitHelperTest"/>
  <testcase name="getRouteEmptyResponseTest" time="0.076" classname="com.target.metrotransit.casestudy.helper.MetroTransitHelperTest"/>
  <testcase name="getStopEmptyNameTest" time="0.047" classname="com.target.metrotransit.casestudy.helper.MetroTransitHelperTest"/>
  <testcase name="getStopInvalidStopNameTest" time="0.056" classname="com.target.metrotransit.casestudy.helper.MetroTransitHelperTest"/>
  <testcase name="isValidDirectionFalseTest" time="0.044" classname="com.target.metrotransit.casestudy.helper.MetroTransitHelperTest"/>
  <testcase name="getStopTest" time="0.025" classname="com.target.metrotransit.casestudy.helper.MetroTransitHelperTest"/>
  <testcase name="getRouteTest" time="0.042" classname="com.target.metrotransit.casestudy.helper.MetroTransitHelperTest"/>
  <testcase name="getRouteWithEmptyRouteTest" time="0.018" classname="com.target.metrotransit.casestudy.helper.MetroTransitHelperTest"/>
  <testcase name="getNextTripDetailWithEmptyResponseTest" time="0.032" classname="com.target.metrotransit.casestudy.helper.MetroTransitHelperTest"/>
  <testcase name="isValidDirectionWithEmptyResponse" time="0.070" classname="com.target.metrotransit.casestudy.helper.MetroTransitHelperTest"/>
  <testcase name="getNextTripDetailTest" time="0.241" classname="com.target.metrotransit.casestudy.helper.MetroTransitHelperTest"/>
  <testcase name="toJsonTest" time="0.155" classname="com.target.metrotransit.casestudy.helper.MetroTransitHelperTest"/>
</testsuite> <!-- com.target.metrotransit.casestudy.helper.MetroTransitHelperTest -->
