<?xml version="1.0" encoding="UTF-8"?>
<!-- Generated by org.testng.reporters.JUnitReportReporter -->
<testsuite skipped="0" hostname="SKURADAGI6430" name="com.target.metrotransit.metrotransitCaseStudy.helper.MetroTrainsitHelperTest" tests="13" failures="0" timestamp="06 Aug 2018 04:34:11 GMT" time="1.562" errors="0">
  <testcase name="isValidDirectionFalseTest" time="0.043" classname="com.target.metrotransit.metrotransitCaseStudy.helper.MetroTrainsitHelperTest"/>
  <testcase name="getStopInvalidStopNameTest" time="0.045" classname="com.target.metrotransit.metrotransitCaseStudy.helper.MetroTrainsitHelperTest"/>
  <testcase name="getNextTripDetailTest" time="0.315" classname="com.target.metrotransit.metrotransitCaseStudy.helper.MetroTrainsitHelperTest"/>
  <testcase name="getStopTest" time="0.060" classname="com.target.metrotransit.metrotransitCaseStudy.helper.MetroTrainsitHelperTest"/>
  <testcase name="toJsonTest" time="0.065" classname="com.target.metrotransit.metrotransitCaseStudy.helper.MetroTrainsitHelperTest"/>
  <testcase name="getRouteTest" time="0.137" classname="com.target.metrotransit.metrotransitCaseStudy.helper.MetroTrainsitHelperTest"/>
  <testcase name="getStopEmptyNameTest" time="0.042" classname="com.target.metrotransit.metrotransitCaseStudy.helper.MetroTrainsitHelperTest"/>
  <testcase name="isValidDirectionWithEmptyResponse" time="0.048" classname="com.target.metrotransit.metrotransitCaseStudy.helper.MetroTrainsitHelperTest"/>
  <testcase name="getWaitTimeInMinutesTest" time="0.532" classname="com.target.metrotransit.metrotransitCaseStudy.helper.MetroTrainsitHelperTest"/>
  <testcase name="isValidDirectionTest" time="0.047" classname="com.target.metrotransit.metrotransitCaseStudy.helper.MetroTrainsitHelperTest"/>
  <testcase name="getRouteEmptyResponseTest" time="0.115" classname="com.target.metrotransit.metrotransitCaseStudy.helper.MetroTrainsitHelperTest"/>
  <testcase name="getRouteWithEmptyRouteTest" time="0.060" classname="com.target.metrotransit.metrotransitCaseStudy.helper.MetroTrainsitHelperTest"/>
  <testcase name="getNextTripDetailWithEmptyResponseTest" time="0.053" classname="com.target.metrotransit.metrotransitCaseStudy.helper.MetroTrainsitHelperTest"/>
</testsuite> <!-- com.target.metrotransit.metrotransitCaseStudy.helper.MetroTrainsitHelperTest -->
